21-Sep-2017 00:07:27.517 INFO [http-nio-8080-exec-17] org.apache.catalina.core.StandardContext.reload Reloading Context with name [/ProjetoLP3] has started
21-Sep-2017 00:07:27.548 WARNING [http-nio-8080-exec-17] org.apache.catalina.loader.WebappClassLoaderBase.clearReferencesJdbc The web application [ProjetoLP3] registered the JDBC driver [org.apache.derby.jdbc.ClientDriver] but failed to unregister it when the web application was stopped. To prevent a memory leak, the JDBC Driver has been forcibly unregistered.
21-Sep-2017 00:07:27.830 INFO [http-nio-8080-exec-17] org.apache.jasper.servlet.TldScanner.scanJars At least one JAR was scanned for TLDs yet contained no TLDs. Enable debug logging for this logger for a complete list of JARs that were scanned but no TLDs were found in them. Skipping unneeded JARs during scanning can improve startup time and JSP compilation time.
21-Sep-2017 00:07:27.843 INFO [43] org.apache.catalina.core.StandardContext.reload Reloading Context with name [/ProjetoLP3] is completed
21-Sep-2017 00:07:41.575 INFO [http-nio-8080-exec-21] org.apache.catalina.core.StandardContext.reload Reloading Context with name [/ProjetoLP3] has started
21-Sep-2017 00:07:41.771 INFO [http-nio-8080-exec-21] org.apache.jasper.servlet.TldScanner.scanJars At least one JAR was scanned for TLDs yet contained no TLDs. Enable debug logging for this logger for a complete list of JARs that were scanned but no TLDs were found in them. Skipping unneeded JARs during scanning can improve startup time and JSP compilation time.
21-Sep-2017 00:07:41.782 INFO [http-nio-8080-exec-21] org.apache.catalina.core.StandardContext.reload Reloading Context with name [/ProjetoLP3] is completed
21-Sep-2017 00:07:53.536 INFO [http-nio-8080-exec-21] org.apache.catalina.core.StandardContext.reload Reloading Context with name [/ProjetoLP3] has started
21-Sep-2017 00:07:53.750 INFO [http-nio-8080-exec-21] org.apache.jasper.servlet.TldScanner.scanJars At least one JAR was scanned for TLDs yet contained no TLDs. Enable debug logging for this logger for a complete list of JARs that were scanned but no TLDs were found in them. Skipping unneeded JARs during scanning can improve startup time and JSP compilation time.
21-Sep-2017 00:07:53.757 INFO [http-nio-8080-exec-21] org.apache.catalina.core.StandardContext.reload Reloading Context with name [/ProjetoLP3] is completed
21-Sep-2017 00:07:57.943 INFO [http-nio-8080-exec-15] org.apache.catalina.core.StandardContext.reload Reloading Context with name [/ProjetoLP3] has started
21-Sep-2017 00:07:58.096 INFO [http-nio-8080-exec-15] org.apache.jasper.servlet.TldScanner.scanJars At least one JAR was scanned for TLDs yet contained no TLDs. Enable debug logging for this logger for a complete list of JARs that were scanned but no TLDs were found in them. Skipping unneeded JARs during scanning can improve startup time and JSP compilation time.
21-Sep-2017 00:07:58.103 INFO [http-nio-8080-exec-15] org.apache.catalina.core.StandardContext.reload Reloading Context with name [/ProjetoLP3] is completed
21-Sep-2017 00:11:35.291 INFO [http-nio-8080-exec-27] org.apache.catalina.core.StandardContext.reload Reloading Context with name [/ProjetoLP3] has started
21-Sep-2017 00:11:35.478 INFO [http-nio-8080-exec-27] org.apache.jasper.servlet.TldScanner.scanJars At least one JAR was scanned for TLDs yet contained no TLDs. Enable debug logging for this logger for a complete list of JARs that were scanned but no TLDs were found in them. Skipping unneeded JARs during scanning can improve startup time and JSP compilation time.
21-Sep-2017 00:11:35.485 INFO [http-nio-8080-exec-27] org.apache.catalina.core.StandardContext.reload Reloading Context with name [/ProjetoLP3] is completed
21-Sep-2017 00:11:46.808 INFO [http-nio-8080-exec-28] org.apache.catalina.core.StandardContext.reload Reloading Context with name [/ProjetoLP3] has started
21-Sep-2017 00:11:47.065 INFO [http-nio-8080-exec-28] org.apache.jasper.servlet.TldScanner.scanJars At least one JAR was scanned for TLDs yet contained no TLDs. Enable debug logging for this logger for a complete list of JARs that were scanned but no TLDs were found in them. Skipping unneeded JARs during scanning can improve startup time and JSP compilation time.
21-Sep-2017 00:11:47.074 INFO [http-nio-8080-exec-28] org.apache.catalina.core.StandardContext.reload Reloading Context with name [/ProjetoLP3] is completed
21-Sep-2017 00:11:47.745 INFO [http-nio-8080-exec-34] org.apache.catalina.core.StandardContext.reload Reloading Context with name [/ProjetoLP3] has started
21-Sep-2017 00:11:47.887 INFO [http-nio-8080-exec-34] org.apache.jasper.servlet.TldScanner.scanJars At least one JAR was scanned for TLDs yet contained no TLDs. Enable debug logging for this logger for a complete list of JARs that were scanned but no TLDs were found in them. Skipping unneeded JARs during scanning can improve startup time and JSP compilation time.
21-Sep-2017 00:11:47.894 INFO [http-nio-8080-exec-34] org.apache.catalina.core.StandardContext.reload Reloading Context with name [/ProjetoLP3] is completed
21-Sep-2017 00:15:11.895 INFO [http-nio-8080-exec-44] org.apache.catalina.core.StandardContext.reload Reloading Context with name [/ProjetoLP3] has started
21-Sep-2017 00:15:11.908 WARNING [http-nio-8080-exec-44] org.apache.catalina.loader.WebappClassLoaderBase.clearReferencesJdbc The web application [ProjetoLP3] registered the JDBC driver [org.apache.derby.jdbc.ClientDriver] but failed to unregister it when the web application was stopped. To prevent a memory leak, the JDBC Driver has been forcibly unregistered.
21-Sep-2017 00:15:12.078 INFO [http-nio-8080-exec-44] org.apache.jasper.servlet.TldScanner.scanJars At least one JAR was scanned for TLDs yet contained no TLDs. Enable debug logging for this logger for a complete list of JARs that were scanned but no TLDs were found in them. Skipping unneeded JARs during scanning can improve startup time and JSP compilation time.
21-Sep-2017 00:15:12.086 INFO [http-nio-8080-exec-44] org.apache.catalina.core.StandardContext.reload Reloading Context with name [/ProjetoLP3] is completed
21-Sep-2017 00:16:32.116 INFO [http-nio-8080-exec-46] org.apache.catalina.core.StandardContext.reload Reloading Context with name [/ProjetoLP3] has started
21-Sep-2017 00:16:32.128 WARNING [http-nio-8080-exec-46] org.apache.catalina.loader.WebappClassLoaderBase.clearReferencesJdbc The web application [ProjetoLP3] registered the JDBC driver [org.apache.derby.jdbc.ClientDriver] but failed to unregister it when the web application was stopped. To prevent a memory leak, the JDBC Driver has been forcibly unregistered.
21-Sep-2017 00:16:32.308 INFO [http-nio-8080-exec-46] org.apache.jasper.servlet.TldScanner.scanJars At least one JAR was scanned for TLDs yet contained no TLDs. Enable debug logging for this logger for a complete list of JARs that were scanned but no TLDs were found in them. Skipping unneeded JARs during scanning can improve startup time and JSP compilation time.
21-Sep-2017 00:16:32.317 INFO [http-nio-8080-exec-46] org.apache.catalina.core.StandardContext.reload Reloading Context with name [/ProjetoLP3] is completed
21-Sep-2017 00:16:40.703 INFO [http-nio-8080-exec-42] org.apache.catalina.core.StandardContext.reload Reloading Context with name [/ProjetoLP3] has started
21-Sep-2017 00:16:40.858 INFO [http-nio-8080-exec-42] org.apache.jasper.servlet.TldScanner.scanJars At least one JAR was scanned for TLDs yet contained no TLDs. Enable debug logging for this logger for a complete list of JARs that were scanned but no TLDs were found in them. Skipping unneeded JARs during scanning can improve startup time and JSP compilation time.
21-Sep-2017 00:16:40.865 INFO [http-nio-8080-exec-42] org.apache.catalina.core.StandardContext.reload Reloading Context with name [/ProjetoLP3] is completed
21-Sep-2017 00:17:23.732 INFO [http-nio-8080-exec-50] org.apache.catalina.core.StandardContext.reload Reloading Context with name [/ProjetoLP3] has started
21-Sep-2017 00:17:23.900 INFO [http-nio-8080-exec-50] org.apache.jasper.servlet.TldScanner.scanJars At least one JAR was scanned for TLDs yet contained no TLDs. Enable debug logging for this logger for a complete list of JARs that were scanned but no TLDs were found in them. Skipping unneeded JARs during scanning can improve startup time and JSP compilation time.
21-Sep-2017 00:17:23.907 INFO [http-nio-8080-exec-50] org.apache.catalina.core.StandardContext.reload Reloading Context with name [/ProjetoLP3] is completed
21-Sep-2017 00:18:16.663 INFO [http-nio-8080-exec-48] org.apache.catalina.core.StandardContext.reload Reloading Context with name [/ProjetoLP3] has started
21-Sep-2017 00:18:16.838 INFO [http-nio-8080-exec-48] org.apache.jasper.servlet.TldScanner.scanJars At least one JAR was scanned for TLDs yet contained no TLDs. Enable debug logging for this logger for a complete list of JARs that were scanned but no TLDs were found in them. Skipping unneeded JARs during scanning can improve startup time and JSP compilation time.
21-Sep-2017 00:18:16.842 INFO [http-nio-8080-exec-48] org.apache.catalina.core.StandardContext.reload Reloading Context with name [/ProjetoLP3] is completed
21-Sep-2017 00:18:24.550 INFO [http-nio-8080-exec-54] org.apache.catalina.core.StandardContext.reload Reloading Context with name [/ProjetoLP3] has started
21-Sep-2017 00:18:24.705 INFO [http-nio-8080-exec-54] org.apache.jasper.servlet.TldScanner.scanJars At least one JAR was scanned for TLDs yet contained no TLDs. Enable debug logging for this logger for a complete list of JARs that were scanned but no TLDs were found in them. Skipping unneeded JARs during scanning can improve startup time and JSP compilation time.
21-Sep-2017 00:18:24.713 INFO [http-nio-8080-exec-54] org.apache.catalina.core.StandardContext.reload Reloading Context with name [/ProjetoLP3] is completed
21-Sep-2017 00:18:29.983 INFO [http-nio-8080-exec-48] org.apache.catalina.core.StandardContext.reload Reloading Context with name [/ProjetoLP3] has started
21-Sep-2017 00:18:30.190 INFO [http-nio-8080-exec-48] org.apache.jasper.servlet.TldScanner.scanJars At least one JAR was scanned for TLDs yet contained no TLDs. Enable debug logging for this logger for a complete list of JARs that were scanned but no TLDs were found in them. Skipping unneeded JARs during scanning can improve startup time and JSP compilation time.
21-Sep-2017 00:18:30.197 INFO [http-nio-8080-exec-48] org.apache.catalina.core.StandardContext.reload Reloading Context with name [/ProjetoLP3] is completed
21-Sep-2017 00:21:40.917 INFO [http-nio-8080-exec-48] org.apache.catalina.core.StandardContext.reload Reloading Context with name [/ProjetoLP3] has started
21-Sep-2017 00:21:41.074 INFO [http-nio-8080-exec-48] org.apache.jasper.servlet.TldScanner.scanJars At least one JAR was scanned for TLDs yet contained no TLDs. Enable debug logging for this logger for a complete list of JARs that were scanned but no TLDs were found in them. Skipping unneeded JARs during scanning can improve startup time and JSP compilation time.
21-Sep-2017 00:21:41.078 INFO [http-nio-8080-exec-48] org.apache.catalina.core.StandardContext.reload Reloading Context with name [/ProjetoLP3] is completed
21-Sep-2017 00:21:44.630 INFO [http-nio-8080-exec-48] org.apache.catalina.core.StandardContext.reload Reloading Context with name [/ProjetoLP3] has started
21-Sep-2017 00:21:44.770 INFO [http-nio-8080-exec-48] org.apache.jasper.servlet.TldScanner.scanJars At least one JAR was scanned for TLDs yet contained no TLDs. Enable debug logging for this logger for a complete list of JARs that were scanned but no TLDs were found in them. Skipping unneeded JARs during scanning can improve startup time and JSP compilation time.
21-Sep-2017 00:21:44.777 INFO [http-nio-8080-exec-48] org.apache.catalina.core.StandardContext.reload Reloading Context with name [/ProjetoLP3] is completed
21-Sep-2017 00:21:59.462 INFO [http-nio-8080-exec-63] org.apache.catalina.core.StandardContext.reload Reloading Context with name [/ProjetoLP3] has started
21-Sep-2017 00:21:59.659 INFO [http-nio-8080-exec-63] org.apache.jasper.servlet.TldScanner.scanJars At least one JAR was scanned for TLDs yet contained no TLDs. Enable debug logging for this logger for a complete list of JARs that were scanned but no TLDs were found in them. Skipping unneeded JARs during scanning can improve startup time and JSP compilation time.
21-Sep-2017 00:21:59.669 INFO [http-nio-8080-exec-63] org.apache.catalina.core.StandardContext.reload Reloading Context with name [/ProjetoLP3] is completed
21-Sep-2017 00:22:05.605 INFO [http-nio-8080-exec-63] org.apache.catalina.core.StandardContext.reload Reloading Context with name [/ProjetoLP3] has started
21-Sep-2017 00:22:05.827 INFO [http-nio-8080-exec-63] org.apache.jasper.servlet.TldScanner.scanJars At least one JAR was scanned for TLDs yet contained no TLDs. Enable debug logging for this logger for a complete list of JARs that were scanned but no TLDs were found in them. Skipping unneeded JARs during scanning can improve startup time and JSP compilation time.
21-Sep-2017 00:22:05.836 INFO [http-nio-8080-exec-63] org.apache.catalina.core.StandardContext.reload Reloading Context with name [/ProjetoLP3] is completed
21-Sep-2017 00:22:29.544 INFO [ContainerBackgroundProcessor[StandardEngine[Catalina]]] org.apache.catalina.startup.HostConfig.reload Reloading context [/ProjetoLP3]
21-Sep-2017 00:22:29.544 INFO [ContainerBackgroundProcessor[StandardEngine[Catalina]]] org.apache.catalina.core.StandardContext.reload Reloading Context with name [/ProjetoLP3] has started
21-Sep-2017 00:22:29.675 INFO [ContainerBackgroundProcessor[StandardEngine[Catalina]]] org.apache.jasper.servlet.TldScanner.scanJars At least one JAR was scanned for TLDs yet contained no TLDs. Enable debug logging for this logger for a complete list of JARs that were scanned but no TLDs were found in them. Skipping unneeded JARs during scanning can improve startup time and JSP compilation time.
21-Sep-2017 00:22:29.678 INFO [ContainerBackgroundProcessor[StandardEngine[Catalina]]] org.apache.catalina.core.StandardContext.reload Reloading Context with name [/ProjetoLP3] is completed
21-Sep-2017 00:24:57.408 INFO [http-nio-8080-exec-68] org.apache.jasper.servlet.TldScanner.scanJars At least one JAR was scanned for TLDs yet contained no TLDs. Enable debug logging for this logger for a complete list of JARs that were scanned but no TLDs were found in them. Skipping unneeded JARs during scanning can improve startup time and JSP compilation time.
21-Sep-2017 00:24:59.732 INFO [ContainerBackgroundProcessor[StandardEngine[Catalina]]] org.apache.catalina.startup.HostConfig.reload Reloading context [/ProjetoLP3]
21-Sep-2017 00:24:59.732 INFO [ContainerBackgroundProcessor[StandardEngine[Catalina]]] org.apache.catalina.core.StandardContext.reload Reloading Context with name [/ProjetoLP3] has started
21-Sep-2017 00:24:59.865 INFO [ContainerBackgroundProcessor[StandardEngine[Catalina]]] org.apache.jasper.servlet.TldScanner.scanJars At least one JAR was scanned for TLDs yet contained no TLDs. Enable debug logging for this logger for a complete list of JARs that were scanned but no TLDs were found in them. Skipping unneeded JARs during scanning can improve startup time and JSP compilation time.
21-Sep-2017 00:24:59.871 INFO [ContainerBackgroundProcessor[StandardEngine[Catalina]]] org.apache.catalina.core.StandardContext.reload Reloading Context with name [/ProjetoLP3] is completed
21-Sep-2017 00:26:57.928 WARNING [http-nio-8080-exec-83] org.apache.catalina.loader.WebappClassLoaderBase.clearReferencesJdbc The web application [ProjetoLP3] registered the JDBC driver [org.apache.derby.jdbc.ClientDriver] but failed to unregister it when the web application was stopped. To prevent a memory leak, the JDBC Driver has been forcibly unregistered.
21-Sep-2017 00:26:58.077 INFO [http-nio-8080-exec-78] org.apache.jasper.servlet.TldScanner.scanJars At least one JAR was scanned for TLDs yet contained no TLDs. Enable debug logging for this logger for a complete list of JARs that were scanned but no TLDs were found in them. Skipping unneeded JARs during scanning can improve startup time and JSP compilation time.
21-Sep-2017 00:26:59.917 INFO [ContainerBackgroundProcessor[StandardEngine[Catalina]]] org.apache.catalina.startup.HostConfig.reload Reloading context [/ProjetoLP3]
21-Sep-2017 00:26:59.917 INFO [ContainerBackgroundProcessor[StandardEngine[Catalina]]] org.apache.catalina.core.StandardContext.reload Reloading Context with name [/ProjetoLP3] has started
21-Sep-2017 00:27:00.103 INFO [ContainerBackgroundProcessor[StandardEngine[Catalina]]] org.apache.jasper.servlet.TldScanner.scanJars At least one JAR was scanned for TLDs yet contained no TLDs. Enable debug logging for this logger for a complete list of JARs that were scanned but no TLDs were found in them. Skipping unneeded JARs during scanning can improve startup time and JSP compilation time.
21-Sep-2017 00:27:00.115 INFO [ContainerBackgroundProcessor[StandardEngine[Catalina]]] org.apache.catalina.core.StandardContext.reload Reloading Context with name [/ProjetoLP3] is completed
21-Sep-2017 00:27:17.141 INFO [http-nio-8080-exec-81] org.apache.jasper.servlet.TldScanner.scanJars At least one JAR was scanned for TLDs yet contained no TLDs. Enable debug logging for this logger for a complete list of JARs that were scanned but no TLDs were found in them. Skipping unneeded JARs during scanning can improve startup time and JSP compilation time.
21-Sep-2017 00:27:20.124 INFO [ContainerBackgroundProcessor[StandardEngine[Catalina]]] org.apache.catalina.startup.HostConfig.reload Reloading context [/ProjetoLP3]
21-Sep-2017 00:27:20.124 INFO [ContainerBackgroundProcessor[StandardEngine[Catalina]]] org.apache.catalina.core.StandardContext.reload Reloading Context with name [/ProjetoLP3] has started
21-Sep-2017 00:27:20.265 INFO [ContainerBackgroundProcessor[StandardEngine[Catalina]]] org.apache.jasper.servlet.TldScanner.scanJars At least one JAR was scanned for TLDs yet contained no TLDs. Enable debug logging for this logger for a complete list of JARs that were scanned but no TLDs were found in them. Skipping unneeded JARs during scanning can improve startup time and JSP compilation time.
21-Sep-2017 00:27:20.271 INFO [ContainerBackgroundProcessor[StandardEngine[Catalina]]] org.apache.catalina.core.StandardContext.reload Reloading Context with name [/ProjetoLP3] is completed
21-Sep-2017 00:34:01.710 WARNING [http-nio-8080-exec-96] org.apache.catalina.loader.WebappClassLoaderBase.clearReferencesJdbc The web application [ProjetoLP3] registered the JDBC driver [org.apache.derby.jdbc.ClientDriver] but failed to unregister it when the web application was stopped. To prevent a memory leak, the JDBC Driver has been forcibly unregistered.
21-Sep-2017 00:34:01.862 INFO [http-nio-8080-exec-88] org.apache.jasper.servlet.TldScanner.scanJars At least one JAR was scanned for TLDs yet contained no TLDs. Enable debug logging for this logger for a complete list of JARs that were scanned but no TLDs were found in them. Skipping unneeded JARs during scanning can improve startup time and JSP compilation time.
21-Sep-2017 00:34:09.135 SEVERE [http-nio-8080-exec-95] mack.controllers.impl.BuscarContaController.execute null
 java.lang.NumberFormatException: For input string: "asd"
	at java.lang.NumberFormatException.forInputString(NumberFormatException.java:65)
	at java.lang.Long.parseLong(Long.java:589)
	at java.lang.Long.parseLong(Long.java:631)
	at mack.controllers.impl.BuscarContaController.execute(BuscarContaController.java:26)
	at mack.servlets.FrontControllerServlet.processRequest(FrontControllerServlet.java:32)
	at mack.servlets.FrontControllerServlet.doPost(FrontControllerServlet.java:67)
	at javax.servlet.http.HttpServlet.service(HttpServlet.java:648)
	at javax.servlet.http.HttpServlet.service(HttpServlet.java:729)
	at org.apache.catalina.core.ApplicationFilterChain.internalDoFilter(ApplicationFilterChain.java:291)
	at org.apache.catalina.core.ApplicationFilterChain.doFilter(ApplicationFilterChain.java:206)
	at org.apache.tomcat.websocket.server.WsFilter.doFilter(WsFilter.java:52)
	at org.apache.catalina.core.ApplicationFilterChain.internalDoFilter(ApplicationFilterChain.java:239)
	at org.apache.catalina.core.ApplicationFilterChain.doFilter(ApplicationFilterChain.java:206)
	at org.apache.catalina.core.StandardWrapperValve.invoke(StandardWrapperValve.java:219)
	at org.apache.catalina.core.StandardContextValve.invoke(StandardContextValve.java:106)
	at org.apache.catalina.authenticator.AuthenticatorBase.invoke(AuthenticatorBase.java:502)
	at org.apache.catalina.core.StandardHostValve.invoke(StandardHostValve.java:142)
	at org.apache.catalina.valves.ErrorReportValve.invoke(ErrorReportValve.java:79)
	at org.apache.catalina.valves.AbstractAccessLogValve.invoke(AbstractAccessLogValve.java:617)
	at org.apache.catalina.core.StandardEngineValve.invoke(StandardEngineValve.java:88)
	at org.apache.catalina.connector.CoyoteAdapter.service(CoyoteAdapter.java:518)
	at org.apache.coyote.http11.AbstractHttp11Processor.process(AbstractHttp11Processor.java:1091)
	at org.apache.coyote.AbstractProtocol$AbstractConnectionHandler.process(AbstractProtocol.java:668)
	at org.apache.tomcat.util.net.NioEndpoint$SocketProcessor.doRun(NioEndpoint.java:1527)
	at org.apache.tomcat.util.net.NioEndpoint$SocketProcessor.run(NioEndpoint.java:1484)
	at java.util.concurrent.ThreadPoolExecutor.runWorker(ThreadPoolExecutor.java:1142)
	at java.util.concurrent.ThreadPoolExecutor$Worker.run(ThreadPoolExecutor.java:617)
	at org.apache.tomcat.util.threads.TaskThread$WrappingRunnable.run(TaskThread.java:61)
	at java.lang.Thread.run(Thread.java:745)

21-Sep-2017 00:36:43.307 INFO [http-nio-8080-exec-107] org.apache.catalina.core.StandardContext.reload Reloading Context with name [/ProjetoLP3] has started
21-Sep-2017 00:36:43.313 WARNING [http-nio-8080-exec-107] org.apache.catalina.loader.WebappClassLoaderBase.clearReferencesJdbc The web application [ProjetoLP3] registered the JDBC driver [org.apache.derby.jdbc.ClientDriver] but failed to unregister it when the web application was stopped. To prevent a memory leak, the JDBC Driver has been forcibly unregistered.
21-Sep-2017 00:36:43.444 INFO [http-nio-8080-exec-107] org.apache.jasper.servlet.TldScanner.scanJars At least one JAR was scanned for TLDs yet contained no TLDs. Enable debug logging for this logger for a complete list of JARs that were scanned but no TLDs were found in them. Skipping unneeded JARs during scanning can improve startup time and JSP compilation time.
21-Sep-2017 00:36:43.448 INFO [http-nio-8080-exec-107] org.apache.catalina.core.StandardContext.reload Reloading Context with name [/ProjetoLP3] is completed
21-Sep-2017 00:36:48.876 INFO [http-nio-8080-exec-103] org.apache.catalina.core.StandardContext.reload Reloading Context with name [/ProjetoLP3] has started
21-Sep-2017 00:36:49.016 INFO [http-nio-8080-exec-103] org.apache.jasper.servlet.TldScanner.scanJars At least one JAR was scanned for TLDs yet contained no TLDs. Enable debug logging for this logger for a complete list of JARs that were scanned but no TLDs were found in them. Skipping unneeded JARs during scanning can improve startup time and JSP compilation time.
21-Sep-2017 00:36:49.023 INFO [http-nio-8080-exec-103] org.apache.catalina.core.StandardContext.reload Reloading Context with name [/ProjetoLP3] is completed
21-Sep-2017 00:38:56.179 WARNING [http-nio-8080-exec-111] org.apache.catalina.loader.WebappClassLoaderBase.clearReferencesJdbc The web application [ProjetoLP3] registered the JDBC driver [org.apache.derby.jdbc.ClientDriver] but failed to unregister it when the web application was stopped. To prevent a memory leak, the JDBC Driver has been forcibly unregistered.
21-Sep-2017 00:38:56.373 INFO [http-nio-8080-exec-103] org.apache.jasper.servlet.TldScanner.scanJars At least one JAR was scanned for TLDs yet contained no TLDs. Enable debug logging for this logger for a complete list of JARs that were scanned but no TLDs were found in them. Skipping unneeded JARs during scanning can improve startup time and JSP compilation time.
21-Sep-2017 00:38:56.415 INFO [http-nio-8080-exec-115] org.apache.catalina.core.StandardContext.reload Reloading Context with name [/ProjetoLP3] has started
21-Sep-2017 00:38:56.642 INFO [http-nio-8080-exec-115] org.apache.jasper.servlet.TldScanner.scanJars At least one JAR was scanned for TLDs yet contained no TLDs. Enable debug logging for this logger for a complete list of JARs that were scanned but no TLDs were found in them. Skipping unneeded JARs during scanning can improve startup time and JSP compilation time.
21-Sep-2017 00:38:56.650 INFO [http-nio-8080-exec-115] org.apache.catalina.core.StandardContext.reload Reloading Context with name [/ProjetoLP3] is completed
21-Sep-2017 00:38:57.555 INFO [http-nio-8080-exec-105] org.apache.catalina.core.StandardContext.reload Reloading Context with name [/ProjetoLP3] has started
21-Sep-2017 00:38:57.752 INFO [http-nio-8080-exec-105] org.apache.jasper.servlet.TldScanner.scanJars At least one JAR was scanned for TLDs yet contained no TLDs. Enable debug logging for this logger for a complete list of JARs that were scanned but no TLDs were found in them. Skipping unneeded JARs during scanning can improve startup time and JSP compilation time.
21-Sep-2017 00:38:57.762 INFO [http-nio-8080-exec-105] org.apache.catalina.core.StandardContext.reload Reloading Context with name [/ProjetoLP3] is completed
21-Sep-2017 00:39:00.540 INFO [ContainerBackgroundProcessor[StandardEngine[Catalina]]] org.apache.catalina.startup.HostConfig.reload Reloading context [/ProjetoLP3]
21-Sep-2017 00:39:00.540 INFO [ContainerBackgroundProcessor[StandardEngine[Catalina]]] org.apache.catalina.core.StandardContext.reload Reloading Context with name [/ProjetoLP3] has started
21-Sep-2017 00:39:00.701 INFO [ContainerBackgroundProcessor[StandardEngine[Catalina]]] org.apache.jasper.servlet.TldScanner.scanJars At least one JAR was scanned for TLDs yet contained no TLDs. Enable debug logging for this logger for a complete list of JARs that were scanned but no TLDs were found in them. Skipping unneeded JARs during scanning can improve startup time and JSP compilation time.
21-Sep-2017 00:39:00.707 INFO [ContainerBackgroundProcessor[StandardEngine[Catalina]]] org.apache.catalina.core.StandardContext.reload Reloading Context with name [/ProjetoLP3] is completed
21-Sep-2017 00:43:06.708 INFO [http-nio-8080-exec-115] org.apache.catalina.core.StandardContext.reload Reloading Context with name [/ProjetoLP3] has started
21-Sep-2017 00:43:06.869 INFO [http-nio-8080-exec-115] org.apache.jasper.servlet.TldScanner.scanJars At least one JAR was scanned for TLDs yet contained no TLDs. Enable debug logging for this logger for a complete list of JARs that were scanned but no TLDs were found in them. Skipping unneeded JARs during scanning can improve startup time and JSP compilation time.
21-Sep-2017 00:43:06.876 INFO [http-nio-8080-exec-115] org.apache.catalina.core.StandardContext.reload Reloading Context with name [/ProjetoLP3] is completed
21-Sep-2017 00:43:13.993 INFO [http-nio-8080-exec-108] org.apache.catalina.core.StandardContext.reload Reloading Context with name [/ProjetoLP3] has started
21-Sep-2017 00:43:14.172 INFO [http-nio-8080-exec-108] org.apache.jasper.servlet.TldScanner.scanJars At least one JAR was scanned for TLDs yet contained no TLDs. Enable debug logging for this logger for a complete list of JARs that were scanned but no TLDs were found in them. Skipping unneeded JARs during scanning can improve startup time and JSP compilation time.
21-Sep-2017 00:43:14.181 INFO [http-nio-8080-exec-108] org.apache.catalina.core.StandardContext.reload Reloading Context with name [/ProjetoLP3] is completed
21-Sep-2017 00:43:38.183 INFO [http-nio-8080-exec-122] org.apache.catalina.core.StandardContext.reload Reloading Context with name [/ProjetoLP3] has started
21-Sep-2017 00:43:38.352 INFO [http-nio-8080-exec-122] org.apache.jasper.servlet.TldScanner.scanJars At least one JAR was scanned for TLDs yet contained no TLDs. Enable debug logging for this logger for a complete list of JARs that were scanned but no TLDs were found in them. Skipping unneeded JARs during scanning can improve startup time and JSP compilation time.
21-Sep-2017 00:43:38.358 INFO [http-nio-8080-exec-122] org.apache.catalina.core.StandardContext.reload Reloading Context with name [/ProjetoLP3] is completed
21-Sep-2017 00:43:51.101 INFO [http-nio-8080-exec-122] org.apache.catalina.core.StandardContext.reload Reloading Context with name [/ProjetoLP3] has started
21-Sep-2017 00:43:51.229 INFO [http-nio-8080-exec-122] org.apache.jasper.servlet.TldScanner.scanJars At least one JAR was scanned for TLDs yet contained no TLDs. Enable debug logging for this logger for a complete list of JARs that were scanned but no TLDs were found in them. Skipping unneeded JARs during scanning can improve startup time and JSP compilation time.
21-Sep-2017 00:43:51.232 INFO [http-nio-8080-exec-122] org.apache.catalina.core.StandardContext.reload Reloading Context with name [/ProjetoLP3] is completed
21-Sep-2017 00:43:54.736 INFO [http-nio-8080-exec-122] org.apache.catalina.core.StandardContext.reload Reloading Context with name [/ProjetoLP3] has started
21-Sep-2017 00:43:54.914 INFO [http-nio-8080-exec-122] org.apache.jasper.servlet.TldScanner.scanJars At least one JAR was scanned for TLDs yet contained no TLDs. Enable debug logging for this logger for a complete list of JARs that were scanned but no TLDs were found in them. Skipping unneeded JARs during scanning can improve startup time and JSP compilation time.
21-Sep-2017 00:43:54.922 INFO [http-nio-8080-exec-122] org.apache.catalina.core.StandardContext.reload Reloading Context with name [/ProjetoLP3] is completed
21-Sep-2017 00:44:12.432 INFO [http-nio-8080-exec-123] org.apache.jasper.servlet.TldScanner.scanJars At least one JAR was scanned for TLDs yet contained no TLDs. Enable debug logging for this logger for a complete list of JARs that were scanned but no TLDs were found in them. Skipping unneeded JARs during scanning can improve startup time and JSP compilation time.
21-Sep-2017 00:44:20.829 INFO [ContainerBackgroundProcessor[StandardEngine[Catalina]]] org.apache.catalina.startup.HostConfig.reload Reloading context [/ProjetoLP3]
21-Sep-2017 00:44:20.829 INFO [ContainerBackgroundProcessor[StandardEngine[Catalina]]] org.apache.catalina.core.StandardContext.reload Reloading Context with name [/ProjetoLP3] has started
21-Sep-2017 00:44:20.954 INFO [ContainerBackgroundProcessor[StandardEngine[Catalina]]] org.apache.jasper.servlet.TldScanner.scanJars At least one JAR was scanned for TLDs yet contained no TLDs. Enable debug logging for this logger for a complete list of JARs that were scanned but no TLDs were found in them. Skipping unneeded JARs during scanning can improve startup time and JSP compilation time.
21-Sep-2017 00:44:20.961 INFO [ContainerBackgroundProcessor[StandardEngine[Catalina]]] org.apache.catalina.core.StandardContext.reload Reloading Context with name [/ProjetoLP3] is completed
21-Sep-2017 00:44:33.342 INFO [http-nio-8080-exec-126] org.apache.catalina.core.StandardContext.reload Reloading Context with name [/ProjetoLP3] has started
21-Sep-2017 00:44:33.492 INFO [http-nio-8080-exec-126] org.apache.jasper.servlet.TldScanner.scanJars At least one JAR was scanned for TLDs yet contained no TLDs. Enable debug logging for this logger for a complete list of JARs that were scanned but no TLDs were found in them. Skipping unneeded JARs during scanning can improve startup time and JSP compilation time.
21-Sep-2017 00:44:33.496 INFO [http-nio-8080-exec-126] org.apache.catalina.core.StandardContext.reload Reloading Context with name [/ProjetoLP3] is completed
21-Sep-2017 00:44:39.708 INFO [http-nio-8080-exec-127] org.apache.catalina.core.StandardContext.reload Reloading Context with name [/ProjetoLP3] has started
21-Sep-2017 00:44:39.916 INFO [http-nio-8080-exec-127] org.apache.jasper.servlet.TldScanner.scanJars At least one JAR was scanned for TLDs yet contained no TLDs. Enable debug logging for this logger for a complete list of JARs that were scanned but no TLDs were found in them. Skipping unneeded JARs during scanning can improve startup time and JSP compilation time.
21-Sep-2017 00:44:39.921 INFO [http-nio-8080-exec-127] org.apache.catalina.core.StandardContext.reload Reloading Context with name [/ProjetoLP3] is completed
21-Sep-2017 00:46:48.499 INFO [http-nio-8080-exec-127] org.apache.catalina.core.StandardContext.reload Reloading Context with name [/ProjetoLP3] has started
21-Sep-2017 00:46:48.671 INFO [http-nio-8080-exec-127] org.apache.jasper.servlet.TldScanner.scanJars At least one JAR was scanned for TLDs yet contained no TLDs. Enable debug logging for this logger for a complete list of JARs that were scanned but no TLDs were found in them. Skipping unneeded JARs during scanning can improve startup time and JSP compilation time.
21-Sep-2017 00:46:48.678 INFO [http-nio-8080-exec-127] org.apache.catalina.core.StandardContext.reload Reloading Context with name [/ProjetoLP3] is completed
21-Sep-2017 00:46:58.065 INFO [http-nio-8080-exec-131] org.apache.catalina.core.StandardContext.reload Reloading Context with name [/ProjetoLP3] has started
21-Sep-2017 00:46:58.204 INFO [http-nio-8080-exec-131] org.apache.jasper.servlet.TldScanner.scanJars At least one JAR was scanned for TLDs yet contained no TLDs. Enable debug logging for this logger for a complete list of JARs that were scanned but no TLDs were found in them. Skipping unneeded JARs during scanning can improve startup time and JSP compilation time.
21-Sep-2017 00:46:58.209 INFO [http-nio-8080-exec-131] org.apache.catalina.core.StandardContext.reload Reloading Context with name [/ProjetoLP3] is completed
21-Sep-2017 00:47:42.278 INFO [http-nio-8080-exec-127] org.apache.catalina.core.StandardContext.reload Reloading Context with name [/ProjetoLP3] has started
21-Sep-2017 00:47:42.429 INFO [http-nio-8080-exec-127] org.apache.jasper.servlet.TldScanner.scanJars At least one JAR was scanned for TLDs yet contained no TLDs. Enable debug logging for this logger for a complete list of JARs that were scanned but no TLDs were found in them. Skipping unneeded JARs during scanning can improve startup time and JSP compilation time.
21-Sep-2017 00:47:42.434 INFO [http-nio-8080-exec-127] org.apache.catalina.core.StandardContext.reload Reloading Context with name [/ProjetoLP3] is completed
21-Sep-2017 00:47:45.560 INFO [http-nio-8080-exec-127] org.apache.catalina.core.StandardContext.reload Reloading Context with name [/ProjetoLP3] has started
21-Sep-2017 00:47:45.791 INFO [http-nio-8080-exec-127] org.apache.jasper.servlet.TldScanner.scanJars At least one JAR was scanned for TLDs yet contained no TLDs. Enable debug logging for this logger for a complete list of JARs that were scanned but no TLDs were found in them. Skipping unneeded JARs during scanning can improve startup time and JSP compilation time.
21-Sep-2017 00:47:45.797 INFO [http-nio-8080-exec-127] org.apache.catalina.core.StandardContext.reload Reloading Context with name [/ProjetoLP3] is completed
21-Sep-2017 00:48:08.074 INFO [http-nio-8080-exec-129] org.apache.catalina.core.StandardContext.reload Reloading Context with name [/ProjetoLP3] has started
21-Sep-2017 00:48:08.230 INFO [http-nio-8080-exec-129] org.apache.jasper.servlet.TldScanner.scanJars At least one JAR was scanned for TLDs yet contained no TLDs. Enable debug logging for this logger for a complete list of JARs that were scanned but no TLDs were found in them. Skipping unneeded JARs during scanning can improve startup time and JSP compilation time.
21-Sep-2017 00:48:08.233 INFO [http-nio-8080-exec-129] org.apache.catalina.core.StandardContext.reload Reloading Context with name [/ProjetoLP3] is completed
21-Sep-2017 00:48:33.728 INFO [http-nio-8080-exec-127] org.apache.catalina.core.StandardContext.reload Reloading Context with name [/ProjetoLP3] has started
21-Sep-2017 00:48:33.902 INFO [http-nio-8080-exec-127] org.apache.jasper.servlet.TldScanner.scanJars At least one JAR was scanned for TLDs yet contained no TLDs. Enable debug logging for this logger for a complete list of JARs that were scanned but no TLDs were found in them. Skipping unneeded JARs during scanning can improve startup time and JSP compilation time.
21-Sep-2017 00:48:33.906 INFO [http-nio-8080-exec-127] org.apache.catalina.core.StandardContext.reload Reloading Context with name [/ProjetoLP3] is completed
21-Sep-2017 00:51:50.190 WARNING [http-nio-8080-exec-150] org.apache.catalina.loader.WebappClassLoaderBase.clearReferencesJdbc The web application [ProjetoLP3] registered the JDBC driver [org.apache.derby.jdbc.ClientDriver] but failed to unregister it when the web application was stopped. To prevent a memory leak, the JDBC Driver has been forcibly unregistered.
21-Sep-2017 00:51:50.330 INFO [http-nio-8080-exec-147] org.apache.jasper.servlet.TldScanner.scanJars At least one JAR was scanned for TLDs yet contained no TLDs. Enable debug logging for this logger for a complete list of JARs that were scanned but no TLDs were found in them. Skipping unneeded JARs during scanning can improve startup time and JSP compilation time.
21-Sep-2017 01:03:22.798 INFO [http-nio-8080-exec-161] org.apache.catalina.core.StandardContext.reload Reloading Context with name [/ProjetoLP3] has started
21-Sep-2017 01:03:22.804 WARNING [http-nio-8080-exec-161] org.apache.catalina.loader.WebappClassLoaderBase.clearReferencesJdbc The web application [ProjetoLP3] registered the JDBC driver [org.apache.derby.jdbc.ClientDriver] but failed to unregister it when the web application was stopped. To prevent a memory leak, the JDBC Driver has been forcibly unregistered.
21-Sep-2017 01:03:22.946 INFO [http-nio-8080-exec-161] org.apache.jasper.servlet.TldScanner.scanJars At least one JAR was scanned for TLDs yet contained no TLDs. Enable debug logging for this logger for a complete list of JARs that were scanned but no TLDs were found in them. Skipping unneeded JARs during scanning can improve startup time and JSP compilation time.
21-Sep-2017 01:03:22.952 INFO [http-nio-8080-exec-161] org.apache.catalina.core.StandardContext.reload Reloading Context with name [/ProjetoLP3] is completed
21-Sep-2017 01:05:05.559 INFO [http-nio-8080-exec-172] org.apache.catalina.core.StandardContext.reload Reloading Context with name [/ProjetoLP3] has started
21-Sep-2017 01:05:05.563 WARNING [http-nio-8080-exec-172] org.apache.catalina.loader.WebappClassLoaderBase.clearReferencesJdbc The web application [ProjetoLP3] registered the JDBC driver [org.apache.derby.jdbc.ClientDriver] but failed to unregister it when the web application was stopped. To prevent a memory leak, the JDBC Driver has been forcibly unregistered.
21-Sep-2017 01:05:05.698 INFO [http-nio-8080-exec-172] org.apache.jasper.servlet.TldScanner.scanJars At least one JAR was scanned for TLDs yet contained no TLDs. Enable debug logging for this logger for a complete list of JARs that were scanned but no TLDs were found in them. Skipping unneeded JARs during scanning can improve startup time and JSP compilation time.
21-Sep-2017 01:05:05.703 INFO [http-nio-8080-exec-172] org.apache.catalina.core.StandardContext.reload Reloading Context with name [/ProjetoLP3] is completed
21-Sep-2017 01:05:13.662 INFO [http-nio-8080-exec-178] org.apache.catalina.core.StandardContext.reload Reloading Context with name [/ProjetoLP3] has started
21-Sep-2017 01:05:13.791 INFO [http-nio-8080-exec-178] org.apache.jasper.servlet.TldScanner.scanJars At least one JAR was scanned for TLDs yet contained no TLDs. Enable debug logging for this logger for a complete list of JARs that were scanned but no TLDs were found in them. Skipping unneeded JARs during scanning can improve startup time and JSP compilation time.
21-Sep-2017 01:05:13.796 INFO [http-nio-8080-exec-178] org.apache.catalina.core.StandardContext.reload Reloading Context with name [/ProjetoLP3] is completed
21-Sep-2017 01:07:24.176 WARNING [http-nio-8080-exec-181] org.apache.catalina.loader.WebappClassLoaderBase.clearReferencesJdbc The web application [ProjetoLP3] registered the JDBC driver [org.apache.derby.jdbc.ClientDriver] but failed to unregister it when the web application was stopped. To prevent a memory leak, the JDBC Driver has been forcibly unregistered.
21-Sep-2017 01:07:24.421 INFO [http-nio-8080-exec-180] org.apache.jasper.servlet.TldScanner.scanJars At least one JAR was scanned for TLDs yet contained no TLDs. Enable debug logging for this logger for a complete list of JARs that were scanned but no TLDs were found in them. Skipping unneeded JARs during scanning can improve startup time and JSP compilation time.
21-Sep-2017 01:07:24.448 INFO [http-nio-8080-exec-162] org.apache.catalina.core.StandardContext.reload Reloading Context with name [/ProjetoLP3] has started
21-Sep-2017 01:07:24.641 INFO [http-nio-8080-exec-162] org.apache.jasper.servlet.TldScanner.scanJars At least one JAR was scanned for TLDs yet contained no TLDs. Enable debug logging for this logger for a complete list of JARs that were scanned but no TLDs were found in them. Skipping unneeded JARs during scanning can improve startup time and JSP compilation time.
21-Sep-2017 01:07:24.651 INFO [http-nio-8080-exec-162] org.apache.catalina.core.StandardContext.reload Reloading Context with name [/ProjetoLP3] is completed
21-Sep-2017 01:07:25.315 INFO [http-nio-8080-exec-178] org.apache.catalina.core.StandardContext.reload Reloading Context with name [/ProjetoLP3] has started
21-Sep-2017 01:07:25.466 INFO [http-nio-8080-exec-178] org.apache.jasper.servlet.TldScanner.scanJars At least one JAR was scanned for TLDs yet contained no TLDs. Enable debug logging for this logger for a complete list of JARs that were scanned but no TLDs were found in them. Skipping unneeded JARs during scanning can improve startup time and JSP compilation time.
21-Sep-2017 01:07:25.472 INFO [http-nio-8080-exec-178] org.apache.catalina.core.StandardContext.reload Reloading Context with name [/ProjetoLP3] is completed
21-Sep-2017 01:07:31.509 INFO [ContainerBackgroundProcessor[StandardEngine[Catalina]]] org.apache.catalina.startup.HostConfig.reload Reloading context [/ProjetoLP3]
21-Sep-2017 01:07:31.509 INFO [ContainerBackgroundProcessor[StandardEngine[Catalina]]] org.apache.catalina.core.StandardContext.reload Reloading Context with name [/ProjetoLP3] has started
21-Sep-2017 01:07:31.673 INFO [ContainerBackgroundProcessor[StandardEngine[Catalina]]] org.apache.jasper.servlet.TldScanner.scanJars At least one JAR was scanned for TLDs yet contained no TLDs. Enable debug logging for this logger for a complete list of JARs that were scanned but no TLDs were found in them. Skipping unneeded JARs during scanning can improve startup time and JSP compilation time.
21-Sep-2017 01:07:31.680 INFO [ContainerBackgroundProcessor[StandardEngine[Catalina]]] org.apache.catalina.core.StandardContext.reload Reloading Context with name [/ProjetoLP3] is completed
21-Sep-2017 01:07:41.923 INFO [http-nio-8080-exec-186] org.apache.catalina.core.StandardContext.reload Reloading Context with name [/ProjetoLP3] has started
21-Sep-2017 01:07:42.062 INFO [http-nio-8080-exec-186] org.apache.jasper.servlet.TldScanner.scanJars At least one JAR was scanned for TLDs yet contained no TLDs. Enable debug logging for this logger for a complete list of JARs that were scanned but no TLDs were found in them. Skipping unneeded JARs during scanning can improve startup time and JSP compilation time.
21-Sep-2017 01:07:42.067 INFO [http-nio-8080-exec-186] org.apache.catalina.core.StandardContext.reload Reloading Context with name [/ProjetoLP3] is completed
21-Sep-2017 01:07:51.902 INFO [http-nio-8080-exec-189] org.apache.catalina.core.StandardContext.reload Reloading Context with name [/ProjetoLP3] has started
21-Sep-2017 01:07:52.055 INFO [http-nio-8080-exec-189] org.apache.jasper.servlet.TldScanner.scanJars At least one JAR was scanned for TLDs yet contained no TLDs. Enable debug logging for this logger for a complete list of JARs that were scanned but no TLDs were found in them. Skipping unneeded JARs during scanning can improve startup time and JSP compilation time.
21-Sep-2017 01:07:52.059 INFO [http-nio-8080-exec-189] org.apache.catalina.core.StandardContext.reload Reloading Context with name [/ProjetoLP3] is completed
21-Sep-2017 01:09:03.256 INFO [http-nio-8080-exec-189] org.apache.catalina.core.StandardContext.reload Reloading Context with name [/ProjetoLP3] has started
21-Sep-2017 01:09:03.423 INFO [http-nio-8080-exec-189] org.apache.jasper.servlet.TldScanner.scanJars At least one JAR was scanned for TLDs yet contained no TLDs. Enable debug logging for this logger for a complete list of JARs that were scanned but no TLDs were found in them. Skipping unneeded JARs during scanning can improve startup time and JSP compilation time.
21-Sep-2017 01:09:03.430 INFO [http-nio-8080-exec-189] org.apache.catalina.core.StandardContext.reload Reloading Context with name [/ProjetoLP3] is completed
21-Sep-2017 01:11:59.911 WARNING [http-nio-8080-exec-195] org.apache.catalina.loader.WebappClassLoaderBase.clearReferencesJdbc The web application [ProjetoLP3] registered the JDBC driver [org.apache.derby.jdbc.ClientDriver] but failed to unregister it when the web application was stopped. To prevent a memory leak, the JDBC Driver has been forcibly unregistered.
21-Sep-2017 01:12:00.039 INFO [http-nio-8080-exec-200] org.apache.jasper.servlet.TldScanner.scanJars At least one JAR was scanned for TLDs yet contained no TLDs. Enable debug logging for this logger for a complete list of JARs that were scanned but no TLDs were found in them. Skipping unneeded JARs during scanning can improve startup time and JSP compilation time.
21-Sep-2017 01:15:08.585 INFO [http-nio-8080-exec-203] org.apache.catalina.core.StandardContext.reload Reloading Context with name [/ProjetoLP3] has started
21-Sep-2017 01:15:08.594 WARNING [http-nio-8080-exec-203] org.apache.catalina.loader.WebappClassLoaderBase.clearReferencesJdbc The web application [ProjetoLP3] registered the JDBC driver [org.apache.derby.jdbc.ClientDriver] but failed to unregister it when the web application was stopped. To prevent a memory leak, the JDBC Driver has been forcibly unregistered.
21-Sep-2017 01:15:08.746 INFO [http-nio-8080-exec-203] org.apache.jasper.servlet.TldScanner.scanJars At least one JAR was scanned for TLDs yet contained no TLDs. Enable debug logging for this logger for a complete list of JARs that were scanned but no TLDs were found in them. Skipping unneeded JARs during scanning can improve startup time and JSP compilation time.
21-Sep-2017 01:15:08.749 INFO [http-nio-8080-exec-203] org.apache.catalina.core.StandardContext.reload Reloading Context with name [/ProjetoLP3] is completed
21-Sep-2017 01:17:54.719 INFO [http-nio-8080-exec-198] org.apache.catalina.core.StandardContext.reload Reloading Context with name [/ProjetoLP3] has started
21-Sep-2017 01:17:54.724 WARNING [http-nio-8080-exec-198] org.apache.catalina.loader.WebappClassLoaderBase.clearReferencesJdbc The web application [ProjetoLP3] registered the JDBC driver [org.apache.derby.jdbc.ClientDriver] but failed to unregister it when the web application was stopped. To prevent a memory leak, the JDBC Driver has been forcibly unregistered.
21-Sep-2017 01:17:54.885 INFO [http-nio-8080-exec-198] org.apache.jasper.servlet.TldScanner.scanJars At least one JAR was scanned for TLDs yet contained no TLDs. Enable debug logging for this logger for a complete list of JARs that were scanned but no TLDs were found in them. Skipping unneeded JARs during scanning can improve startup time and JSP compilation time.
21-Sep-2017 01:17:54.891 INFO [http-nio-8080-exec-198] org.apache.catalina.core.StandardContext.reload Reloading Context with name [/ProjetoLP3] is completed
21-Sep-2017 01:18:03.957 INFO [http-nio-8080-exec-200] org.apache.catalina.core.StandardContext.reload Reloading Context with name [/ProjetoLP3] has started
21-Sep-2017 01:18:04.106 INFO [http-nio-8080-exec-200] org.apache.jasper.servlet.TldScanner.scanJars At least one JAR was scanned for TLDs yet contained no TLDs. Enable debug logging for this logger for a complete list of JARs that were scanned but no TLDs were found in them. Skipping unneeded JARs during scanning can improve startup time and JSP compilation time.
21-Sep-2017 01:18:04.111 INFO [http-nio-8080-exec-200] org.apache.catalina.core.StandardContext.reload Reloading Context with name [/ProjetoLP3] is completed
